Info: Starting: Create block symbol file (.bsf)
Info: qsys-generate /wsfat/terasic/systemCD/Demonstrations/SoC_FPGA/DE10_NANO_SoC_FB/soc_system.qsys --block-symbol-file --output-directory=/wsfat/terasic/systemCD/Demonstrations/SoC_FPGA/DE10_NANO_SoC_FB/soc_system --family="Cyclone V" --part=5CSEBA6U23I7
Progress: Loading DE10_NANO_SoC_FB/soc_system.qsys
Progress: Reading input file
Progress: Adding ILC [interrupt_latency_counter 18.1]
Progress: Parameterizing module ILC
Progress: Adding button_pio [altera_avalon_pio 18.1]
Progress: Parameterizing module button_pio
Progress: Adding clk_0 [clock_source 18.1]
Progress: Parameterizing module clk_0
Progress: Adding dipsw_pio [altera_avalon_pio 18.1]
Progress: Parameterizing module dipsw_pio
Progress: Adding dma_read_master_0 [dma_read_master 18.1]
Progress: Parameterizing module dma_read_master_0
Progress: Adding dma_write_master_0 [dma_write_master 18.1]
Progress: Parameterizing module dma_write_master_0
Progress: Adding dma_write_master_1 [dma_write_master 18.1]
Progress: Parameterizing module dma_write_master_1
Progress: Adding f2sdram_only_master [altera_jtag_avalon_master 18.1]
Progress: Parameterizing module f2sdram_only_master
Progress: Adding fpga_only_master [altera_jtag_avalon_master 18.1]
Progress: Parameterizing module fpga_only_master
Progress: Adding hps_0 [altera_hps 18.1]
Progress: Parameterizing module hps_0
Progress: Adding hps_only_master [altera_jtag_avalon_master 18.1]
Progress: Parameterizing module hps_only_master
Progress: Adding jtag_uart [altera_avalon_jtag_uart 18.1]
Progress: Parameterizing module jtag_uart
Progress: Adding led_pio [altera_avalon_pio 18.1]
Progress: Parameterizing module led_pio
Progress: Adding mm_bridge_0 [altera_avalon_mm_bridge 18.1]
Progress: Parameterizing module mm_bridge_0
Progress: Adding mm_bridge_sdram [altera_avalon_mm_bridge 18.1]
Progress: Parameterizing module mm_bridge_sdram
Progress: Adding modular_sgdma_dispatcher_0 [modular_sgdma_dispatcher 18.1]
Progress: Parameterizing module modular_sgdma_dispatcher_0
Progress: Adding modular_sgdma_dispatcher_1 [modular_sgdma_dispatcher 18.1]
Progress: Parameterizing module modular_sgdma_dispatcher_1
Progress: Adding modular_sgdma_dispatcher_2 [modular_sgdma_dispatcher 18.1]
Progress: Parameterizing module modular_sgdma_dispatcher_2
Progress: Adding msgdma_ram2stream [altera_msgdma 18.1]
Progress: Parameterizing module msgdma_ram2stream
Progress: Adding msgdma_stream2ram [altera_msgdma 18.1]
Progress: Parameterizing module msgdma_stream2ram
Progress: Adding sysid_qsys [altera_avalon_sysid_qsys 18.1]
Progress: Parameterizing module sysid_qsys
Progress: Adding vip_clock [altera_clock_bridge 18.1]
Progress: Parameterizing module vip_clock
Progress: Adding vip_subsystem [subsystemA 1.0]
Progress: Reading input file
Progress: Adding alt_vip_itc_0 [alt_vip_itc 14.0]
Progress: Parameterizing module alt_vip_itc_0
Progress: Adding alt_vip_vfr_hdmi [alt_vip_vfr 14.0]
Progress: Parameterizing module alt_vip_vfr_hdmi
Progress: Building connections
Progress: Parameterizing connections
Progress: Validating
Progress: Done reading input file
Progress: Parameterizing module vip_subsystem
Progress: Building connections
Progress: Parameterizing connections
Progress: Validating
Progress: Done reading input file
Info: soc_system.button_pio: PIO inputs are not hardwired in test bench. Undefined values will be read from PIO inputs during simulation.
Info: soc_system.dipsw_pio: PIO inputs are not hardwired in test bench. Undefined values will be read from PIO inputs during simulation.
Info: soc_system.hps_0: HPS Main PLL counter settings: n = 0  m = 63
Info: soc_system.hps_0: HPS peripherial PLL counter settings: n = 0  m = 39
Info: soc_system.jtag_uart: JTAG UART IP input clock need to be at least double (2x) the operating frequency of JTAG TCK on board
Info: soc_system.msgdma_stream2ram: Response information port is disabled. Enable the response port if data transfer information is required by host
Info: soc_system.sysid_qsys: System ID is not assigned automatically. Edit the System ID parameter to provide a unique ID
Info: soc_system.sysid_qsys: Time stamp will be automatically updated when this component is generated.
Warning: soc_system.vip_subsystem.alt_vip_vfr_hdmi: The module properties SIMULATION_MODEL_IN_VERILOG and SIMULATION_MODEL_IN_VHDL can not both be set when using the SIMULATION file property: src_hdl/alt_vipvfr131_vfr.v, src_hdl/alt_vipvfr131_vfr_controller.v, src_hdl/alt_vipvfr131_vfr_control_packet_encoder.v, src_hdl/alt_vipvfr131_prc.v, src_hdl/alt_vipvfr131_prc_core.v, src_hdl/alt_vipvfr131_prc_read_master.v, /wsfat/altera_2018.1/ip/altera/frame_reader/common_hdl/alt_vipvfr131_common_package.vhd, /wsfat/altera_2018.1/ip/altera/frame_reader/common_hdl/alt_vipvfr131_common_avalon_mm_bursting_master_fifo.vhd, /wsfat/altera_2018.1/ip/altera/frame_reader/common_hdl/alt_vipvfr131_common_avalon_mm_master.v, /wsfat/altera_2018.1/ip/altera/frame_reader/common_hdl/alt_vipvfr131_common_unpack_data.v, /wsfat/altera_2018.1/ip/altera/frame_reader/common_hdl/alt_vipvfr131_common_avalon_mm_slave.v, /wsfat/altera_2018.1/ip/altera/frame_reader/common_hdl/alt_vipvfr131_common_stream_output.v, /wsfat/altera_2018.1/ip/altera/frame_reader/common_hdl/alt_vipvfr131_common_pulling_width_adapter.vhd, /wsfat/altera_2018.1/ip/altera/frame_reader/common_hdl/alt_vipvfr131_common_general_fifo.vhd, /wsfat/altera_2018.1/ip/altera/frame_reader/common_hdl/alt_vipvfr131_common_fifo_usedw_calculator.vhd, /wsfat/altera_2018.1/ip/altera/frame_reader/common_hdl/alt_vipvfr131_common_gray_clock_crosser.vhd, /wsfat/altera_2018.1/ip/altera/frame_reader/common_hdl/alt_vipvfr131_common_std_logic_vector_delay.vhd, /wsfat/altera_2018.1/ip/altera/frame_reader/common_hdl/alt_vipvfr131_common_one_bit_delay.vhd, /wsfat/altera_2018.1/ip/altera/frame_reader/common_hdl/alt_vipvfr131_common_logic_fifo.vhd, /wsfat/altera_2018.1/ip/altera/frame_reader/common_hdl/alt_vipvfr131_common_ram_fifo.vhd
Warning: soc_system.vip_subsystem: Interrupt sender vip_subsystem.alt_vip_vfr_hdmi_interrupt_sender is not connected to an interrupt receiver
Info: qsys-generate succeeded.
Info: Finished: Create block symbol file (.bsf)
Info: 
Info: Starting: Create HDL design files for synthesis
Info: qsys-generate /wsfat/terasic/systemCD/Demonstrations/SoC_FPGA/DE10_NANO_SoC_FB/soc_system.qsys --synthesis=VHDL --output-directory=/wsfat/terasic/systemCD/Demonstrations/SoC_FPGA/DE10_NANO_SoC_FB/soc_system/synthesis --family="Cyclone V" --part=5CSEBA6U23I7
Progress: Loading DE10_NANO_SoC_FB/soc_system.qsys
Progress: Reading input file
Progress: Adding ILC [interrupt_latency_counter 18.1]
Progress: Parameterizing module ILC
Progress: Adding button_pio [altera_avalon_pio 18.1]
Progress: Parameterizing module button_pio
Progress: Adding clk_0 [clock_source 18.1]
Progress: Parameterizing module clk_0
Progress: Adding dipsw_pio [altera_avalon_pio 18.1]
Progress: Parameterizing module dipsw_pio
Progress: Adding dma_read_master_0 [dma_read_master 18.1]
Progress: Parameterizing module dma_read_master_0
Progress: Adding dma_write_master_0 [dma_write_master 18.1]
Progress: Parameterizing module dma_write_master_0
Progress: Adding dma_write_master_1 [dma_write_master 18.1]
Progress: Parameterizing module dma_write_master_1
Progress: Adding f2sdram_only_master [altera_jtag_avalon_master 18.1]
Progress: Parameterizing module f2sdram_only_master
Progress: Adding fpga_only_master [altera_jtag_avalon_master 18.1]
Progress: Parameterizing module fpga_only_master
Progress: Adding hps_0 [altera_hps 18.1]
Progress: Parameterizing module hps_0
Progress: Adding hps_only_master [altera_jtag_avalon_master 18.1]
Progress: Parameterizing module hps_only_master
Progress: Adding jtag_uart [altera_avalon_jtag_uart 18.1]
Progress: Parameterizing module jtag_uart
Progress: Adding led_pio [altera_avalon_pio 18.1]
Progress: Parameterizing module led_pio
Progress: Adding mm_bridge_0 [altera_avalon_mm_bridge 18.1]
Progress: Parameterizing module mm_bridge_0
Progress: Adding mm_bridge_sdram [altera_avalon_mm_bridge 18.1]
Progress: Parameterizing module mm_bridge_sdram
Progress: Adding modular_sgdma_dispatcher_0 [modular_sgdma_dispatcher 18.1]
Progress: Parameterizing module modular_sgdma_dispatcher_0
Progress: Adding modular_sgdma_dispatcher_1 [modular_sgdma_dispatcher 18.1]
Progress: Parameterizing module modular_sgdma_dispatcher_1
Progress: Adding modular_sgdma_dispatcher_2 [modular_sgdma_dispatcher 18.1]
Progress: Parameterizing module modular_sgdma_dispatcher_2
Progress: Adding msgdma_ram2stream [altera_msgdma 18.1]
Progress: Parameterizing module msgdma_ram2stream
Progress: Adding msgdma_stream2ram [altera_msgdma 18.1]
Progress: Parameterizing module msgdma_stream2ram
Progress: Adding sysid_qsys [altera_avalon_sysid_qsys 18.1]
Progress: Parameterizing module sysid_qsys
Progress: Adding vip_clock [altera_clock_bridge 18.1]
Progress: Parameterizing module vip_clock
Progress: Adding vip_subsystem [subsystemA 1.0]
Progress: Parameterizing module vip_subsystem
Progress: Building connections
Progress: Parameterizing connections
Progress: Validating
Progress: Done reading input file
Info: soc_system.button_pio: PIO inputs are not hardwired in test bench. Undefined values will be read from PIO inputs during simulation.
Info: soc_system.dipsw_pio: PIO inputs are not hardwired in test bench. Undefined values will be read from PIO inputs during simulation.
Info: soc_system.hps_0: HPS Main PLL counter settings: n = 0  m = 63
Info: soc_system.hps_0: HPS peripherial PLL counter settings: n = 0  m = 39
Info: soc_system.jtag_uart: JTAG UART IP input clock need to be at least double (2x) the operating frequency of JTAG TCK on board
Info: soc_system.msgdma_stream2ram: Response information port is disabled. Enable the response port if data transfer information is required by host
Info: soc_system.sysid_qsys: System ID is not assigned automatically. Edit the System ID parameter to provide a unique ID
Info: soc_system.sysid_qsys: Time stamp will be automatically updated when this component is generated.
Warning: soc_system.vip_subsystem.alt_vip_vfr_hdmi: The module properties SIMULATION_MODEL_IN_VERILOG and SIMULATION_MODEL_IN_VHDL can not both be set when using the SIMULATION file property: src_hdl/alt_vipvfr131_vfr.v, src_hdl/alt_vipvfr131_vfr_controller.v, src_hdl/alt_vipvfr131_vfr_control_packet_encoder.v, src_hdl/alt_vipvfr131_prc.v, src_hdl/alt_vipvfr131_prc_core.v, src_hdl/alt_vipvfr131_prc_read_master.v, /wsfat/altera_2018.1/ip/altera/frame_reader/common_hdl/alt_vipvfr131_common_package.vhd, /wsfat/altera_2018.1/ip/altera/frame_reader/common_hdl/alt_vipvfr131_common_avalon_mm_bursting_master_fifo.vhd, /wsfat/altera_2018.1/ip/altera/frame_reader/common_hdl/alt_vipvfr131_common_avalon_mm_master.v, /wsfat/altera_2018.1/ip/altera/frame_reader/common_hdl/alt_vipvfr131_common_unpack_data.v, /wsfat/altera_2018.1/ip/altera/frame_reader/common_hdl/alt_vipvfr131_common_avalon_mm_slave.v, /wsfat/altera_2018.1/ip/altera/frame_reader/common_hdl/alt_vipvfr131_common_stream_output.v, /wsfat/altera_2018.1/ip/altera/frame_reader/common_hdl/alt_vipvfr131_common_pulling_width_adapter.vhd, /wsfat/altera_2018.1/ip/altera/frame_reader/common_hdl/alt_vipvfr131_common_general_fifo.vhd, /wsfat/altera_2018.1/ip/altera/frame_reader/common_hdl/alt_vipvfr131_common_fifo_usedw_calculator.vhd, /wsfat/altera_2018.1/ip/altera/frame_reader/common_hdl/alt_vipvfr131_common_gray_clock_crosser.vhd, /wsfat/altera_2018.1/ip/altera/frame_reader/common_hdl/alt_vipvfr131_common_std_logic_vector_delay.vhd, /wsfat/altera_2018.1/ip/altera/frame_reader/common_hdl/alt_vipvfr131_common_one_bit_delay.vhd, /wsfat/altera_2018.1/ip/altera/frame_reader/common_hdl/alt_vipvfr131_common_logic_fifo.vhd, /wsfat/altera_2018.1/ip/altera/frame_reader/common_hdl/alt_vipvfr131_common_ram_fifo.vhd
Warning: soc_system.vip_subsystem: Interrupt sender vip_subsystem.alt_vip_vfr_hdmi_interrupt_sender is not connected to an interrupt receiver
Info: soc_system: Generating soc_system "soc_system" for QUARTUS_SYNTH
Info: Interconnect is inserted between master hps_0.h2f_lw_axi_master and slave mm_bridge_0.s0 because the master is of type axi and the slave is of type avalon.
Info: Inserting clock-crossing logic between cmd_demux.src7 and cmd_mux_007.sink0
Info: Inserting clock-crossing logic between rsp_demux_007.src0 and rsp_mux.sink7
Info: Interconnect is inserted between master mm_bridge_sdram.m0 and slave hps_0.f2h_sdram0_data because the master has burstcount signal 1 bit wide, but the slave is 8 bit wide.
Info: Interconnect is inserted between master mm_bridge_sdram.m0 and slave hps_0.f2h_sdram0_data because the master has address signal 32 bit wide, but the slave is 27 bit wide.
Info: Interconnect is inserted between master mm_bridge_sdram.m0 and slave hps_0.f2h_sdram0_data because the master has debugaccess signal 1 bit wide, but the slave is 0 bit wide.
Warning: hps_0.f2h_irq0: Cannot connect clock for irq_mapper_001.sender
Warning: hps_0.f2h_irq0: Cannot connect reset for irq_mapper_001.sender
Warning: hps_0.f2h_irq1: Cannot connect clock for irq_mapper_002.sender
Warning: hps_0.f2h_irq1: Cannot connect reset for irq_mapper_002.sender
Info: ILC: "soc_system" instantiated interrupt_latency_counter "ILC"
Info: button_pio: Starting RTL generation for module 'soc_system_button_pio'
Info: button_pio:   Generation command is [exec /wsfat/altera_2018.1/quartus/linux64/perl/bin/perl -I /wsfat/altera_2018.1/quartus/linux64/perl/lib -I /wsfat/altera_2018.1/quartus/sopc_builder/bin/europa -I /wsfat/altera_2018.1/quartus/sopc_builder/bin/perl_lib -I /wsfat/altera_2018.1/quartus/sopc_builder/bin -I /wsfat/altera_2018.1/quartus/../ip/altera/sopc_builder_ip/common -I /wsfat/altera_2018.1/quartus/../ip/altera/sopc_builder_ip/altera_avalon_pio -- /wsfat/altera_2018.1/quartus/../ip/altera/sopc_builder_ip/altera_avalon_pio/generate_rtl.pl --name=soc_system_button_pio --dir=/tmp/alt7834_2165149735577418042.dir/0003_button_pio_gen/ --quartus_dir=/wsfat/altera_2018.1/quartus --verilog --config=/tmp/alt7834_2165149735577418042.dir/0003_button_pio_gen//soc_system_button_pio_component_configuration.pl  --do_build_sim=0  ]
Info: button_pio: Done RTL generation for module 'soc_system_button_pio'
Info: button_pio: "soc_system" instantiated altera_avalon_pio "button_pio"
Info: dipsw_pio: Starting RTL generation for module 'soc_system_dipsw_pio'
Info: dipsw_pio:   Generation command is [exec /wsfat/altera_2018.1/quartus/linux64/perl/bin/perl -I /wsfat/altera_2018.1/quartus/linux64/perl/lib -I /wsfat/altera_2018.1/quartus/sopc_builder/bin/europa -I /wsfat/altera_2018.1/quartus/sopc_builder/bin/perl_lib -I /wsfat/altera_2018.1/quartus/sopc_builder/bin -I /wsfat/altera_2018.1/quartus/../ip/altera/sopc_builder_ip/common -I /wsfat/altera_2018.1/quartus/../ip/altera/sopc_builder_ip/altera_avalon_pio -- /wsfat/altera_2018.1/quartus/../ip/altera/sopc_builder_ip/altera_avalon_pio/generate_rtl.pl --name=soc_system_dipsw_pio --dir=/tmp/alt7834_2165149735577418042.dir/0004_dipsw_pio_gen/ --quartus_dir=/wsfat/altera_2018.1/quartus --verilog --config=/tmp/alt7834_2165149735577418042.dir/0004_dipsw_pio_gen//soc_system_dipsw_pio_component_configuration.pl  --do_build_sim=0  ]
Info: dipsw_pio: Done RTL generation for module 'soc_system_dipsw_pio'
Info: dipsw_pio: "soc_system" instantiated altera_avalon_pio "dipsw_pio"
Info: dma_read_master_0: "soc_system" instantiated dma_read_master "dma_read_master_0"
Info: dma_write_master_0: "soc_system" instantiated dma_write_master "dma_write_master_0"
Info: f2sdram_only_master: "soc_system" instantiated altera_jtag_avalon_master "f2sdram_only_master"
Info: hps_0: "Running  for module: hps_0"
Info: hps_0: HPS Main PLL counter settings: n = 0  m = 63
Info: hps_0: HPS peripherial PLL counter settings: n = 0  m = 39
Info: hps_0: "soc_system" instantiated altera_hps "hps_0"
Info: jtag_uart: Starting RTL generation for module 'soc_system_jtag_uart'
Info: jtag_uart:   Generation command is [exec /wsfat/altera_2018.1/quartus/linux64/perl/bin/perl -I /wsfat/altera_2018.1/quartus/linux64/perl/lib -I /wsfat/altera_2018.1/quartus/sopc_builder/bin/europa -I /wsfat/altera_2018.1/quartus/sopc_builder/bin/perl_lib -I /wsfat/altera_2018.1/quartus/sopc_builder/bin -I /wsfat/altera_2018.1/quartus/../ip/altera/sopc_builder_ip/common -I /wsfat/altera_2018.1/quartus/../ip/altera/sopc_builder_ip/altera_avalon_jtag_uart -- /wsfat/altera_2018.1/quartus/../ip/altera/sopc_builder_ip/altera_avalon_jtag_uart/generate_rtl.pl --name=soc_system_jtag_uart --dir=/tmp/alt7834_2165149735577418042.dir/0007_jtag_uart_gen/ --quartus_dir=/wsfat/altera_2018.1/quartus --verilog --config=/tmp/alt7834_2165149735577418042.dir/0007_jtag_uart_gen//soc_system_jtag_uart_component_configuration.pl  --do_build_sim=0  ]
Info: jtag_uart: Done RTL generation for module 'soc_system_jtag_uart'
Info: jtag_uart: "soc_system" instantiated altera_avalon_jtag_uart "jtag_uart"
Info: led_pio: Starting RTL generation for module 'soc_system_led_pio'
Info: led_pio:   Generation command is [exec /wsfat/altera_2018.1/quartus/linux64/perl/bin/perl -I /wsfat/altera_2018.1/quartus/linux64/perl/lib -I /wsfat/altera_2018.1/quartus/sopc_builder/bin/europa -I /wsfat/altera_2018.1/quartus/sopc_builder/bin/perl_lib -I /wsfat/altera_2018.1/quartus/sopc_builder/bin -I /wsfat/altera_2018.1/quartus/../ip/altera/sopc_builder_ip/common -I /wsfat/altera_2018.1/quartus/../ip/altera/sopc_builder_ip/altera_avalon_pio -- /wsfat/altera_2018.1/quartus/../ip/altera/sopc_builder_ip/altera_avalon_pio/generate_rtl.pl --name=soc_system_led_pio --dir=/tmp/alt7834_2165149735577418042.dir/0008_led_pio_gen/ --quartus_dir=/wsfat/altera_2018.1/quartus --verilog --config=/tmp/alt7834_2165149735577418042.dir/0008_led_pio_gen//soc_system_led_pio_component_configuration.pl  --do_build_sim=0  ]
Info: led_pio: Done RTL generation for module 'soc_system_led_pio'
Info: led_pio: "soc_system" instantiated altera_avalon_pio "led_pio"
Info: mm_bridge_0: "soc_system" instantiated altera_avalon_mm_bridge "mm_bridge_0"
Info: modular_sgdma_dispatcher_0: "soc_system" instantiated modular_sgdma_dispatcher "modular_sgdma_dispatcher_0"
Info: msgdma_ram2stream: "soc_system" instantiated altera_msgdma "msgdma_ram2stream"
Info: msgdma_stream2ram: "soc_system" instantiated altera_msgdma "msgdma_stream2ram"
Info: sysid_qsys: "soc_system" instantiated altera_avalon_sysid_qsys "sysid_qsys"
Info: vip_subsystem: "soc_system" instantiated subsystemA "vip_subsystem"
Info: avalon_st_adapter: Inserting error_adapter: error_adapter_0
Info: mm_interconnect_0: "soc_system" instantiated altera_mm_interconnect "mm_interconnect_0"
Info: mm_interconnect_1: "soc_system" instantiated altera_mm_interconnect "mm_interconnect_1"
Info: avalon_st_adapter: Inserting error_adapter: error_adapter_0
Info: mm_interconnect_2: "soc_system" instantiated altera_mm_interconnect "mm_interconnect_2"
Info: avalon_st_adapter: Inserting error_adapter: error_adapter_0
Info: avalon_st_adapter_001: Inserting error_adapter: error_adapter_0
Info: avalon_st_adapter_002: Inserting error_adapter: error_adapter_0
Info: avalon_st_adapter_003: Inserting error_adapter: error_adapter_0
Info: avalon_st_adapter_004: Inserting error_adapter: error_adapter_0
Info: avalon_st_adapter_005: Inserting error_adapter: error_adapter_0
Info: avalon_st_adapter_006: Inserting error_adapter: error_adapter_0
Info: avalon_st_adapter_007: Inserting error_adapter: error_adapter_0
Info: avalon_st_adapter_008: Inserting error_adapter: error_adapter_0
Info: avalon_st_adapter_009: Inserting error_adapter: error_adapter_0
Info: avalon_st_adapter_010: Inserting error_adapter: error_adapter_0
Info: avalon_st_adapter_011: Inserting error_adapter: error_adapter_0
Info: avalon_st_adapter_012: Inserting error_adapter: error_adapter_0
Info: avalon_st_adapter_013: Inserting error_adapter: error_adapter_0
Info: avalon_st_adapter_014: Inserting error_adapter: error_adapter_0
Info: avalon_st_adapter_015: Inserting error_adapter: error_adapter_0
Info: avalon_st_adapter_016: Inserting error_adapter: error_adapter_0
Info: avalon_st_adapter_017: Inserting error_adapter: error_adapter_0
Info: mm_interconnect_3: "soc_system" instantiated altera_mm_interconnect "mm_interconnect_3"
Info: avalon_st_adapter: Inserting error_adapter: error_adapter_0
Info: mm_interconnect_4: "soc_system" instantiated altera_mm_interconnect "mm_interconnect_4"
Info: irq_mapper: "soc_system" instantiated altera_irq_mapper "irq_mapper"
Info: irq_mapper_001: "soc_system" instantiated altera_irq_mapper "irq_mapper_001"
Info: irq_mapper_002: "soc_system" instantiated altera_irq_mapper "irq_mapper_002"
Info: rst_controller: "soc_system" instantiated altera_reset_controller "rst_controller"
Info: jtag_phy_embedded_in_jtag_master: "f2sdram_only_master" instantiated altera_jtag_dc_streaming "jtag_phy_embedded_in_jtag_master"
Info: timing_adt: "f2sdram_only_master" instantiated timing_adapter "timing_adt"
Info: fifo: "f2sdram_only_master" instantiated altera_avalon_sc_fifo "fifo"
Info: b2p: "f2sdram_only_master" instantiated altera_avalon_st_bytes_to_packets "b2p"
Info: p2b: "f2sdram_only_master" instantiated altera_avalon_st_packets_to_bytes "p2b"
Info: transacto: "f2sdram_only_master" instantiated altera_avalon_packets_to_master "transacto"
Info: b2p_adapter: "f2sdram_only_master" instantiated channel_adapter "b2p_adapter"
Info: p2b_adapter: "f2sdram_only_master" instantiated channel_adapter "p2b_adapter"
Info: fpga_interfaces: "hps_0" instantiated altera_interface_generator "fpga_interfaces"
Info: hps_io: "hps_0" instantiated altera_hps_io "hps_io"
Info: alt_vip_itc_0: "vip_subsystem" instantiated alt_vip_itc "alt_vip_itc_0"
Info: alt_vip_vfr_hdmi: "vip_subsystem" instantiated alt_vip_vfr "alt_vip_vfr_hdmi"
Info: dma_read_master_0_Data_Read_Master_translator: "mm_interconnect_0" instantiated altera_merlin_master_translator "dma_read_master_0_Data_Read_Master_translator"
Info: mm_bridge_sdram_s0_translator: "mm_interconnect_0" instantiated altera_merlin_slave_translator "mm_bridge_sdram_s0_translator"
Info: dma_read_master_0_Data_Read_Master_agent: "mm_interconnect_0" instantiated altera_merlin_master_agent "dma_read_master_0_Data_Read_Master_agent"
Info: mm_bridge_sdram_s0_agent: "mm_interconnect_0" instantiated altera_merlin_slave_agent "mm_bridge_sdram_s0_agent"
Info: router: "mm_interconnect_0" instantiated altera_merlin_router "router"
Info: router_003: "mm_interconnect_0" instantiated altera_merlin_router "router_003"
Info: router_006: "mm_interconnect_0" instantiated altera_merlin_router "router_006"
Info: mm_bridge_sdram_s0_burst_adapter: "mm_interconnect_0" instantiated altera_merlin_burst_adapter "mm_bridge_sdram_s0_burst_adapter"
Info: Reusing file /wsfat/terasic/systemCD/Demonstrations/SoC_FPGA/DE10_NANO_SoC_FB/soc_system/synthesis/submodules/altera_avalon_st_pipeline_stage.sv
Info: Reusing file /wsfat/terasic/systemCD/Demonstrations/SoC_FPGA/DE10_NANO_SoC_FB/soc_system/synthesis/submodules/altera_avalon_st_pipeline_base.v
Info: cmd_demux: "mm_interconnect_0" instantiated altera_merlin_demultiplexer "cmd_demux"
Info: cmd_mux: "mm_interconnect_0" instantiated altera_merlin_multiplexer "cmd_mux"
Info: rsp_demux: "mm_interconnect_0" instantiated altera_merlin_demultiplexer "rsp_demux"
Info: rsp_mux: "mm_interconnect_0" instantiated altera_merlin_multiplexer "rsp_mux"
Info: Reusing file /wsfat/terasic/systemCD/Demonstrations/SoC_FPGA/DE10_NANO_SoC_FB/soc_system/synthesis/submodules/altera_merlin_arbitrator.sv
Info: f2sdram_only_master_master_rsp_width_adapter: "mm_interconnect_0" instantiated altera_merlin_width_adapter "f2sdram_only_master_master_rsp_width_adapter"
Info: Reusing file /wsfat/terasic/systemCD/Demonstrations/SoC_FPGA/DE10_NANO_SoC_FB/soc_system/synthesis/submodules/altera_merlin_address_alignment.sv
Info: Reusing file /wsfat/terasic/systemCD/Demonstrations/SoC_FPGA/DE10_NANO_SoC_FB/soc_system/synthesis/submodules/altera_merlin_burst_uncompressor.sv
Info: avalon_st_adapter: "mm_interconnect_0" instantiated altera_avalon_st_adapter "avalon_st_adapter"
Info: hps_0_f2h_axi_slave_agent: "mm_interconnect_1" instantiated altera_merlin_axi_slave_ni "hps_0_f2h_axi_slave_agent"
Info: Reusing file /wsfat/terasic/systemCD/Demonstrations/SoC_FPGA/DE10_NANO_SoC_FB/soc_system/synthesis/submodules/altera_merlin_burst_uncompressor.sv
Info: Reusing file /wsfat/terasic/systemCD/Demonstrations/SoC_FPGA/DE10_NANO_SoC_FB/soc_system/synthesis/submodules/altera_avalon_sc_fifo.v
Info: Reusing file /wsfat/terasic/systemCD/Demonstrations/SoC_FPGA/DE10_NANO_SoC_FB/soc_system/synthesis/submodules/altera_merlin_address_alignment.sv
Info: router: "mm_interconnect_1" instantiated altera_merlin_router "router"
Info: router_001: "mm_interconnect_1" instantiated altera_merlin_router "router_001"
Info: router_002: "mm_interconnect_1" instantiated altera_merlin_router "router_002"
Info: vip_subsystem_alt_vip_vfr_hdmi_avalon_master_limiter: "mm_interconnect_1" instantiated altera_merlin_traffic_limiter "vip_subsystem_alt_vip_vfr_hdmi_avalon_master_limiter"
Info: Reusing file /wsfat/terasic/systemCD/Demonstrations/SoC_FPGA/DE10_NANO_SoC_FB/soc_system/synthesis/submodules/altera_avalon_sc_fifo.v
Info: Reusing file /wsfat/terasic/systemCD/Demonstrations/SoC_FPGA/DE10_NANO_SoC_FB/soc_system/synthesis/submodules/altera_avalon_st_pipeline_base.v
Info: cmd_demux: "mm_interconnect_1" instantiated altera_merlin_demultiplexer "cmd_demux"
Info: cmd_demux_001: "mm_interconnect_1" instantiated altera_merlin_demultiplexer "cmd_demux_001"
Info: cmd_mux: "mm_interconnect_1" instantiated altera_merlin_multiplexer "cmd_mux"
Info: Reusing file /wsfat/terasic/systemCD/Demonstrations/SoC_FPGA/DE10_NANO_SoC_FB/soc_system/synthesis/submodules/altera_merlin_arbitrator.sv
Info: rsp_mux: "mm_interconnect_1" instantiated altera_merlin_multiplexer "rsp_mux"
Info: Reusing file /wsfat/terasic/systemCD/Demonstrations/SoC_FPGA/DE10_NANO_SoC_FB/soc_system/synthesis/submodules/altera_merlin_arbitrator.sv
Info: hps_0_h2f_lw_axi_master_agent: "mm_interconnect_2" instantiated altera_merlin_axi_master_ni "hps_0_h2f_lw_axi_master_agent"
Info: Reusing file /wsfat/terasic/systemCD/Demonstrations/SoC_FPGA/DE10_NANO_SoC_FB/soc_system/synthesis/submodules/altera_merlin_address_alignment.sv
Info: router: "mm_interconnect_2" instantiated altera_merlin_router "router"
Info: router_002: "mm_interconnect_2" instantiated altera_merlin_router "router_002"
Info: cmd_demux: "mm_interconnect_2" instantiated altera_merlin_demultiplexer "cmd_demux"
Info: cmd_mux: "mm_interconnect_2" instantiated altera_merlin_multiplexer "cmd_mux"
Info: Reusing file /wsfat/terasic/systemCD/Demonstrations/SoC_FPGA/DE10_NANO_SoC_FB/soc_system/synthesis/submodules/altera_merlin_arbitrator.sv
Info: rsp_demux: "mm_interconnect_2" instantiated altera_merlin_demultiplexer "rsp_demux"
Info: rsp_mux: "mm_interconnect_2" instantiated altera_merlin_multiplexer "rsp_mux"
Info: Reusing file /wsfat/terasic/systemCD/Demonstrations/SoC_FPGA/DE10_NANO_SoC_FB/soc_system/synthesis/submodules/altera_merlin_arbitrator.sv
Info: avalon_st_adapter: "mm_interconnect_2" instantiated altera_avalon_st_adapter "avalon_st_adapter"
Info: router: "mm_interconnect_3" instantiated altera_merlin_router "router"
Info: router_001: "mm_interconnect_3" instantiated altera_merlin_router "router_001"
Info: router_002: "mm_interconnect_3" instantiated altera_merlin_router "router_002"
Info: router_005: "mm_interconnect_3" instantiated altera_merlin_router "router_005"
Info: router_006: "mm_interconnect_3" instantiated altera_merlin_router "router_006"
Info: router_010: "mm_interconnect_3" instantiated altera_merlin_router "router_010"
Info: cmd_demux: "mm_interconnect_3" instantiated altera_merlin_demultiplexer "cmd_demux"
Info: cmd_demux_001: "mm_interconnect_3" instantiated altera_merlin_demultiplexer "cmd_demux_001"
Info: cmd_mux: "mm_interconnect_3" instantiated altera_merlin_multiplexer "cmd_mux"
Info: Reusing file /wsfat/terasic/systemCD/Demonstrations/SoC_FPGA/DE10_NANO_SoC_FB/soc_system/synthesis/submodules/altera_merlin_arbitrator.sv
Info: cmd_mux_008: "mm_interconnect_3" instantiated altera_merlin_multiplexer "cmd_mux_008"
Info: Reusing file /wsfat/terasic/systemCD/Demonstrations/SoC_FPGA/DE10_NANO_SoC_FB/soc_system/synthesis/submodules/altera_merlin_arbitrator.sv
Info: rsp_demux: "mm_interconnect_3" instantiated altera_merlin_demultiplexer "rsp_demux"
Info: rsp_demux_007: "mm_interconnect_3" instantiated altera_merlin_demultiplexer "rsp_demux_007"
Info: rsp_demux_008: "mm_interconnect_3" instantiated altera_merlin_demultiplexer "rsp_demux_008"
Info: rsp_mux: "mm_interconnect_3" instantiated altera_merlin_multiplexer "rsp_mux"
Info: Reusing file /wsfat/terasic/systemCD/Demonstrations/SoC_FPGA/DE10_NANO_SoC_FB/soc_system/synthesis/submodules/altera_merlin_arbitrator.sv
Info: rsp_mux_001: "mm_interconnect_3" instantiated altera_merlin_multiplexer "rsp_mux_001"
Info: Reusing file /wsfat/terasic/systemCD/Demonstrations/SoC_FPGA/DE10_NANO_SoC_FB/soc_system/synthesis/submodules/altera_merlin_arbitrator.sv
Info: crosser: "mm_interconnect_3" instantiated altera_avalon_st_handshake_clock_crosser "crosser"
Info: Reusing file /wsfat/terasic/systemCD/Demonstrations/SoC_FPGA/DE10_NANO_SoC_FB/soc_system/synthesis/submodules/altera_avalon_st_clock_crosser.v
Info: Reusing file /wsfat/terasic/systemCD/Demonstrations/SoC_FPGA/DE10_NANO_SoC_FB/soc_system/synthesis/submodules/altera_avalon_st_pipeline_base.v
Info: Reusing file /wsfat/terasic/systemCD/Demonstrations/SoC_FPGA/DE10_NANO_SoC_FB/soc_system/synthesis/submodules/altera_std_synchronizer_nocut.v
Info: avalon_st_adapter_003: "mm_interconnect_3" instantiated altera_avalon_st_adapter "avalon_st_adapter_003"
Info: router: "mm_interconnect_4" instantiated altera_merlin_router "router"
Info: router_001: "mm_interconnect_4" instantiated altera_merlin_router "router_001"
Info: cmd_demux: "mm_interconnect_4" instantiated altera_merlin_demultiplexer "cmd_demux"
Info: cmd_mux: "mm_interconnect_4" instantiated altera_merlin_multiplexer "cmd_mux"
Info: Reusing file /wsfat/terasic/systemCD/Demonstrations/SoC_FPGA/DE10_NANO_SoC_FB/soc_system/synthesis/submodules/altera_merlin_arbitrator.sv
Info: rsp_mux: "mm_interconnect_4" instantiated altera_merlin_multiplexer "rsp_mux"
Info: Reusing file /wsfat/terasic/systemCD/Demonstrations/SoC_FPGA/DE10_NANO_SoC_FB/soc_system/synthesis/submodules/altera_merlin_arbitrator.sv
Info: border: "hps_io" instantiated altera_interface_generator "border"
Info: error_adapter_0: "avalon_st_adapter" instantiated error_adapter "error_adapter_0"
Info: error_adapter_0: "avalon_st_adapter" instantiated error_adapter "error_adapter_0"
Info: error_adapter_0: "avalon_st_adapter_003" instantiated error_adapter "error_adapter_0"
Info: soc_system: Done "soc_system" with 94 modules, 215 files
Info: qsys-generate succeeded.
Info: Finished: Create HDL design files for synthesis
